[debug] [2022-03-09T00:08:14.837Z] ----------------------------------------------------------------------
[debug] [2022-03-09T00:08:14.839Z] Command:       C:\Program Files\nodejs\node.exe C:\Users\micro\AppData\Roaming\npm\node_modules\firebase-tools\lib\bin\firebase.js init
[debug] [2022-03-09T00:08:14.839Z] CLI Version:   10.2.2
[debug] [2022-03-09T00:08:14.839Z] Platform:      win32
[debug] [2022-03-09T00:08:14.839Z] Node Version:  v17.4.0
[debug] [2022-03-09T00:08:14.840Z] Time:          Tue Mar 08 2022 19:08:14 GMT-0500 (Eastern Standard Time)
[debug] [2022-03-09T00:08:14.840Z] ----------------------------------------------------------------------
[debug] 
[debug] [2022-03-09T00:08:14.846Z] > command requires scopes: ["email","openid","https://www.googleapis.com/auth/cloudplatformprojects.readonly","https://www.googleapis.com/auth/firebase","https://www.googleapis.com/auth/cloud-platform"]
[debug] [2022-03-09T00:08:14.846Z] > authorizing via signed-in user (jddent@mix.wvu.edu)
[info] 
     ######## #### ########  ######## ########     ###     ######  ########
     ##        ##  ##     ## ##       ##     ##  ##   ##  ##       ##
     ######    ##  ########  ######   ########  #########  ######  ######
     ##        ##  ##    ##  ##       ##     ## ##     ##       ## ##
     ##       #### ##     ## ######## ########  ##     ##  ######  ########

You're about to initialize a Firebase project in this directory:

  C:\Users\micro\angular-workspace\CrunchyRoll

[info] 
=== Project Setup
[info] 
[info] First, let's associate this project directory with a Firebase project.
[info] You can create multiple project aliases by running firebase use --add, 
[info] but for now we'll just set up a default project.
[info] 
[debug] [2022-03-09T00:08:23.296Z] >>> [apiv2][query] GET https://firebase.googleapis.com/v1beta1/projects pageSize=100
[debug] [2022-03-09T00:08:23.711Z] <<< [apiv2][status] GET https://firebase.googleapis.com/v1beta1/projects 200
[debug] [2022-03-09T00:08:23.712Z] <<< [apiv2][body] GET https://firebase.googleapis.com/v1beta1/projects [omitted]
[info] i  Using project crunchyroll-6a332 (CrunchyRoll) 
[info] 
=== Hosting Setup
[info] 
[info] Your public directory is the folder (relative to your project directory) that
[info] will contain Hosting assets to be uploaded with firebase deploy. If you
[info] have a build process for your assets, use your build's output directory.
[info] 
[debug] [2022-03-09T00:45:08.434Z] Error: kill ENOSYS
    at process.kill (node:internal/process/per_thread:220:13)
    at process.listener (C:\Users\micro\AppData\Roaming\npm\node_modules\firebase-tools\node_modules\signal-exit\index.js:95:15)
    at process.emit (node:events:520:28)
[error] 
[error] Error: An unexpected error has occurred.
